c:\users\benth\desktop\hand-hierarchy\project2\debug\vc140.pdb
c:\users\benth\desktop\hand-hierarchy\project2\debug\vc140.idb
c:\users\benth\desktop\hand-hierarchy\project2\debug\maths_funcs.obj
c:\users\benth\desktop\hand-hierarchy\project2\debug\loadshaders.obj
c:\users\benth\desktop\animtemp\project2\debug\vc140.pdb
c:\users\benth\desktop\animtemp\project2\debug\vc140.idb
c:\users\benth\desktop\animtemp\project2\debug\maths_funcs.obj
c:\users\benth\desktop\animtemp\project2\debug\loadshaders.obj
c:\users\benth\desktop\animtemp\project2\debug\source.obj
c:\users\benth\desktop\animtemp\project2\debug\ik_jp.obj
c:\users\benth\desktop\hand-hierarchy\debug\assignment2.ilk
c:\users\benth\desktop\hand-hierarchy\debug\assignment2.exe
c:\users\benth\desktop\hand-hierarchy\debug\assignment2.pdb
c:\users\benth\desktop\animtemp\debug\assignment2.ilk
c:\users\benth\desktop\animtemp\debug\assignment2.exe
c:\users\benth\desktop\animtemp\debug\assignment2.pdb
c:\users\benth\desktop\animtemp\project2\debug\source.new.obj.enc
c:\users\benth\desktop\animtemp\project2\debug\assignment2.tlog\cl.command.1.tlog
c:\users\benth\desktop\animtemp\project2\debug\assignment2.tlog\cl.read.1.tlog
c:\users\benth\desktop\animtemp\project2\debug\assignment2.tlog\cl.write.1.tlog
c:\users\benth\desktop\animtemp\project2\debug\assignment2.tlog\link.command.1.tlog
c:\users\benth\desktop\animtemp\project2\debug\assignment2.tlog\link.read.1.tlog
c:\users\benth\desktop\animtemp\project2\debug\assignment2.tlog\link.write.1.tlog
