C:\Program Files (x86)\MSBuild\Microsoft.Cpp\v4.0\V140\Microsoft.CppBuild.targets(392,5): warning MSB8028: The intermediate directory (Debug\) contains files shared from another project (Assignment1.vcxproj, Project2.vcxproj).  This can lead to incorrect clean and rebuild behavior.
cl : Command line warning D9035: option 'V' has been deprecated and will be removed in a future release
  Source.cpp
c:\users\benth\desktop\animtemp\project2\teapot.h(2996): warning C4838: conversion from 'double' to 'float' requires a narrowing conversion
c:\users\benth\desktop\animtemp\project2\teapot.h(2996): warning C4305: 'initializing': truncation from 'double' to 'float'
c:\users\benth\desktop\animtemp\project2\teapot.h(5975): warning C4838: conversion from 'double' to 'float' requires a narrowing conversion
c:\users\benth\desktop\animtemp\project2\teapot.h(5975): warning C4305: 'initializing': truncation from 'double' to 'float'
c:\users\benth\desktop\animtemp\project2\teapot.h(8954): warning C4838: conversion from 'double' to 'float' requires a narrowing conversion
c:\users\benth\desktop\animtemp\project2\teapot.h(8954): warning C4305: 'initializing': truncation from 'double' to 'float'
c:\users\benth\desktop\animtemp\project2\mesh.h(87): warning C4244: 'argument': conversion from 'time_t' to 'unsigned int', possible loss of data
c:\users\benth\desktop\animtemp\project2\particle_generator.h(157): warning C4018: '<': signed/unsigned mismatch
c:\users\benth\desktop\animtemp\project2\particle_generator.h(184): warning C4244: '+=': conversion from 'double' to 'float', possible loss of data
c:\users\benth\desktop\animtemp\project2\rigidbody_generator.h(103): warning C4018: '<': signed/unsigned mismatch
c:\users\benth\desktop\animtemp\project2\rigidbody_generator.h(105): warning C4018: '<': signed/unsigned mismatch
c:\users\benth\desktop\animtemp\project2\rigidbody_generator.h(159): warning C4018: '<': signed/unsigned mismatch
c:\users\benth\desktop\animtemp\project2\rigidbody_generator.h(161): warning C4018: '<': signed/unsigned mismatch
c:\users\benth\desktop\animtemp\project2\bones.h(61): warning C4018: '<': signed/unsigned mismatch
c:\users\benth\desktop\animtemp\project2\bones.h(82): warning C4018: '<': signed/unsigned mismatch
c:\users\benth\desktop\animtemp\project2\hmodel.h(248): warning C4018: '<': signed/unsigned mismatch
c:\users\benth\desktop\animtemp\project2\hmodel.h(251): warning C4018: '<': signed/unsigned mismatch
c:\users\benth\desktop\animtemp\project2\ik_jp.h(42): warning C4018: '<': signed/unsigned mismatch
c:\users\benth\desktop\animtemp\project2\ik_jp.h(74): warning C4018: '<': signed/unsigned mismatch
c:\users\benth\desktop\animtemp\project2\source.cpp(286): warning C4244: 'initializing': conversion from 'double' to 'GLfloat', possible loss of data
c:\users\benth\desktop\animtemp\project2\source.cpp(823): warning C4244: '=': conversion from 'double' to 'GLfloat', possible loss of data
c:\users\benth\desktop\animtemp\project2\source.cpp(824): warning C4244: '=': conversion from 'double' to 'GLfloat', possible loss of data
c:\users\benth\desktop\animtemp\project2\source.cpp(828): warning C4244: 'initializing': conversion from 'double' to 'GLfloat', possible loss of data
c:\users\benth\desktop\animtemp\project2\source.cpp(829): warning C4244: 'initializing': conversion from 'double' to 'GLfloat', possible loss of data
c:\users\benth\desktop\animtemp\project2\source.cpp(831): warning C4244: '=': conversion from 'double' to 'GLfloat', possible loss of data
c:\users\benth\desktop\animtemp\project2\source.cpp(832): warning C4244: '=': conversion from 'double' to 'GLfloat', possible loss of data
c:\users\benth\desktop\animtemp\project2\source.cpp(839): warning C4244: 'argument': conversion from 'double' to 'GLfloat', possible loss of data
  Project2.vcxproj -> C:\Users\BenTh\Desktop\AnimTemp\Debug\Assignment2.exe
  Project2.vcxproj -> C:\Users\BenTh\Desktop\AnimTemp\Debug\Assignment2.pdb (Full PDB)
